<?xml version="1.0" encoding="UTF-8"?>
<testsuite xmlns:xsi="http://www.w3.org/2001/XMLSchema-instance" xsi:noNamespaceSchemaLocation="https://maven.apache.org/surefire/maven-surefire-plugin/xsd/surefire-test-report-3.0.xsd" version="3.0" name="com.example.mapsapi.MapsApiIntegrationServiceApplicationTests" time="2.471" tests="1" errors="0" skipped="0" failures="0">
  <properties>
    <property name="java.specification.version" value="17"/>
    <property name="sun.jnu.encoding" value="UTF-8"/>
    <property name="java.class.path" value="/home/impacto/Documents/testing/maps-api-integration/target/test-classes:/home/impacto/Documents/testing/maps-api-integration/target/classes:/home/impacto/.m2/repository/org/springframework/boot/spring-boot-starter-data-jpa/3.3.4/spring-boot-starter-data-jpa-3.3.4.jar:/home/impacto/.m2/repository/org/springframework/boot/spring-boot-starter-aop/3.3.4/spring-boot-starter-aop-3.3.4.jar:/home/impacto/.m2/repository/org/springframework/spring-aop/6.1.13/spring-aop-6.1.13.jar:/home/impacto/.m2/repository/org/aspectj/aspectjweaver/1.9.22.1/aspectjweaver-1.9.22.1.jar:/home/impacto/.m2/repository/org/springframework/boot/spring-boot-starter-jdbc/3.3.4/spring-boot-starter-jdbc-3.3.4.jar:/home/impacto/.m2/repository/com/zaxxer/HikariCP/5.1.0/HikariCP-5.1.0.jar:/home/impacto/.m2/repository/org/springframework/spring-jdbc/6.1.13/spring-jdbc-6.1.13.jar:/home/impacto/.m2/repository/org/hibernate/orm/hibernate-core/6.5.3.Final/hibernate-core-6.5.3.Final.jar:/home/impacto/.m2/repository/jakarta/persistence/jakarta.persistence-api/3.1.0/jakarta.persistence-api-3.1.0.jar:/home/impacto/.m2/repository/jakarta/transaction/jakarta.transaction-api/2.0.1/jakarta.transaction-api-2.0.1.jar:/home/impacto/.m2/repository/org/jboss/logging/jboss-logging/3.5.3.Final/jboss-logging-3.5.3.Final.jar:/home/impacto/.m2/repository/org/hibernate/common/hibernate-commons-annotations/6.0.6.Final/hibernate-commons-annotations-6.0.6.Final.jar:/home/impacto/.m2/repository/io/smallrye/jandex/3.1.2/jandex-3.1.2.jar:/home/impacto/.m2/repository/com/fasterxml/classmate/1.7.0/classmate-1.7.0.jar:/home/impacto/.m2/repository/net/bytebuddy/byte-buddy/1.14.19/byte-buddy-1.14.19.jar:/home/impacto/.m2/repository/org/glassfish/jaxb/jaxb-runtime/4.0.5/jaxb-runtime-4.0.5.jar:/home/impacto/.m2/repository/org/glassfish/jaxb/jaxb-core/4.0.5/jaxb-core-4.0.5.jar:/home/impacto/.m2/repository/org/eclipse/angus/angus-activation/2.0.2/angus-activation-2.0.2.jar:/home/impacto/.m2/repository/org/glassfish/jaxb/txw2/4.0.5/txw2-4.0.5.jar:/home/impacto/.m2/repository/com/sun/istack/istack-commons-runtime/4.1.2/istack-commons-runtime-4.1.2.jar:/home/impacto/.m2/repository/jakarta/inject/jakarta.inject-api/2.0.1/jakarta.inject-api-2.0.1.jar:/home/impacto/.m2/repository/org/antlr/antlr4-runtime/4.13.0/antlr4-runtime-4.13.0.jar:/home/impacto/.m2/repository/org/springframework/data/spring-data-jpa/3.3.4/spring-data-jpa-3.3.4.jar:/home/impacto/.m2/repository/org/springframework/data/spring-data-commons/3.3.4/spring-data-commons-3.3.4.jar:/home/impacto/.m2/repository/org/springframework/spring-orm/6.1.13/spring-orm-6.1.13.jar:/home/impacto/.m2/repository/org/springframework/spring-context/6.1.13/spring-context-6.1.13.jar:/home/impacto/.m2/repository/org/springframework/spring-tx/6.1.13/spring-tx-6.1.13.jar:/home/impacto/.m2/repository/org/springframework/spring-beans/6.1.13/spring-beans-6.1.13.jar:/home/impacto/.m2/repository/jakarta/annotation/jakarta.annotation-api/2.1.1/jakarta.annotation-api-2.1.1.jar:/home/impacto/.m2/repository/org/springframework/spring-aspects/6.1.13/spring-aspects-6.1.13.jar:/home/impacto/.m2/repository/org/springframework/boot/spring-boot-starter-web/3.3.4/spring-boot-starter-web-3.3.4.jar:/home/impacto/.m2/repository/org/springframework/boot/spring-boot-starter/3.3.4/spring-boot-starter-3.3.4.jar:/home/impacto/.m2/repository/org/springframework/boot/spring-boot/3.3.4/spring-boot-3.3.4.jar:/home/impacto/.m2/repository/org/springframework/boot/spring-boot-autoconfigure/3.3.4/spring-boot-autoconfigure-3.3.4.jar:/home/impacto/.m2/repository/org/springframework/boot/spring-boot-starter-logging/3.3.4/spring-boot-starter-logging-3.3.4.jar:/home/impacto/.m2/repository/ch/qos/logback/logback-classic/1.5.8/logback-classic-1.5.8.jar:/home/impacto/.m2/repository/ch/qos/logback/logback-core/1.5.8/logback-core-1.5.8.jar:/home/impacto/.m2/repository/org/apache/logging/log4j/log4j-to-slf4j/2.23.1/log4j-to-slf4j-2.23.1.jar:/home/impacto/.m2/repository/org/apache/logging/log4j/log4j-api/2.23.1/log4j-api-2.23.1.jar:/home/impacto/.m2/repository/org/slf4j/jul-to-slf4j/2.0.16/jul-to-slf4j-2.0.16.jar:/home/impacto/.m2/repository/org/yaml/snakeyaml/2.2/snakeyaml-2.2.jar:/home/impacto/.m2/repository/org/springframework/boot/spring-boot-starter-json/3.3.4/spring-boot-starter-json-3.3.4.jar:/home/impacto/.m2/repository/com/fasterxml/jackson/core/jackson-databind/2.17.2/jackson-databind-2.17.2.jar:/home/impacto/.m2/repository/com/fasterxml/jackson/core/jackson-annotations/2.17.2/jackson-annotations-2.17.2.jar:/home/impacto/.m2/repository/com/fasterxml/jackson/core/jackson-core/2.17.2/jackson-core-2.17.2.jar:/home/impacto/.m2/repository/com/fasterxml/jackson/datatype/jackson-datatype-jdk8/2.17.2/jackson-datatype-jdk8-2.17.2.jar:/home/impacto/.m2/repository/com/fasterxml/jackson/datatype/jackson-datatype-jsr310/2.17.2/jackson-datatype-jsr310-2.17.2.jar:/home/impacto/.m2/repository/com/fasterxml/jackson/module/jackson-module-parameter-names/2.17.2/jackson-module-parameter-names-2.17.2.jar:/home/impacto/.m2/repository/org/springframework/boot/spring-boot-starter-tomcat/3.3.4/spring-boot-starter-tomcat-3.3.4.jar:/home/impacto/.m2/repository/org/apache/tomcat/embed/tomcat-embed-core/10.1.30/tomcat-embed-core-10.1.30.jar:/home/impacto/.m2/repository/org/apache/tomcat/embed/tomcat-embed-el/10.1.30/tomcat-embed-el-10.1.30.jar:/home/impacto/.m2/repository/org/apache/tomcat/embed/tomcat-embed-websocket/10.1.30/tomcat-embed-websocket-10.1.30.jar:/home/impacto/.m2/repository/org/springframework/spring-web/6.1.13/spring-web-6.1.13.jar:/home/impacto/.m2/repository/io/micrometer/micrometer-observation/1.13.4/micrometer-observation-1.13.4.jar:/home/impacto/.m2/repository/io/micrometer/micrometer-commons/1.13.4/micrometer-commons-1.13.4.jar:/home/impacto/.m2/repository/org/springframework/spring-webmvc/6.1.13/spring-webmvc-6.1.13.jar:/home/impacto/.m2/repository/org/springframework/spring-expression/6.1.13/spring-expression-6.1.13.jar:/home/impacto/.m2/repository/org/postgresql/postgresql/42.7.4/postgresql-42.7.4.jar:/home/impacto/.m2/repository/org/checkerframework/checker-qual/3.42.0/checker-qual-3.42.0.jar:/home/impacto/.m2/repository/org/springframework/boot/spring-boot-starter-cache/3.3.4/spring-boot-starter-cache-3.3.4.jar:/home/impacto/.m2/repository/org/springframework/spring-context-support/6.1.13/spring-context-support-6.1.13.jar:/home/impacto/.m2/repository/org/projectlombok/lombok/1.18.34/lombok-1.18.34.jar:/home/impacto/.m2/repository/com/google/maps/google-maps-services/0.17.0/google-maps-services-0.17.0.jar:/home/impacto/.m2/repository/com/squareup/okhttp3/okhttp/4.12.0/okhttp-4.12.0.jar:/home/impacto/.m2/repository/com/squareup/okio/okio/3.6.0/okio-3.6.0.jar:/home/impacto/.m2/repository/com/squareup/okio/okio-jvm/3.6.0/okio-jvm-3.6.0.jar:/home/impacto/.m2/repository/org/jetbrains/kotlin/kotlin-stdlib-common/1.9.25/kotlin-stdlib-common-1.9.25.jar:/home/impacto/.m2/repository/org/jetbrains/kotlin/kotlin-stdlib-jdk8/1.9.25/kotlin-stdlib-jdk8-1.9.25.jar:/home/impacto/.m2/repository/org/jetbrains/kotlin/kotlin-stdlib/1.9.25/kotlin-stdlib-1.9.25.jar:/home/impacto/.m2/repository/org/jetbrains/annotations/13.0/annotations-13.0.jar:/home/impacto/.m2/repository/org/jetbrains/kotlin/kotlin-stdlib-jdk7/1.9.25/kotlin-stdlib-jdk7-1.9.25.jar:/home/impacto/.m2/repository/com/google/code/gson/gson/2.10.1/gson-2.10.1.jar:/home/impacto/.m2/repository/io/opencensus/opencensus-api/0.25.0/opencensus-api-0.25.0.jar:/home/impacto/.m2/repository/io/grpc/grpc-context/1.25.0/grpc-context-1.25.0.jar:/home/impacto/.m2/repository/org/slf4j/slf4j-api/2.0.16/slf4j-api-2.0.16.jar:/home/impacto/.m2/repository/org/springframework/boot/spring-boot-starter-test/3.3.4/spring-boot-starter-test-3.3.4.jar:/home/impacto/.m2/repository/org/springframework/boot/spring-boot-test/3.3.4/spring-boot-test-3.3.4.jar:/home/impacto/.m2/repository/org/springframework/boot/spring-boot-test-autoconfigure/3.3.4/spring-boot-test-autoconfigure-3.3.4.jar:/home/impacto/.m2/repository/com/jayway/jsonpath/json-path/2.9.0/json-path-2.9.0.jar:/home/impacto/.m2/repository/jakarta/xml/bind/jakarta.xml.bind-api/4.0.2/jakarta.xml.bind-api-4.0.2.jar:/home/impacto/.m2/repository/jakarta/activation/jakarta.activation-api/2.1.3/jakarta.activation-api-2.1.3.jar:/home/impacto/.m2/repository/net/minidev/json-smart/2.5.1/json-smart-2.5.1.jar:/home/impacto/.m2/repository/net/minidev/accessors-smart/2.5.1/accessors-smart-2.5.1.jar:/home/impacto/.m2/repository/org/ow2/asm/asm/9.6/asm-9.6.jar:/home/impacto/.m2/repository/org/assertj/assertj-core/3.25.3/assertj-core-3.25.3.jar:/home/impacto/.m2/repository/org/awaitility/awaitility/4.2.2/awaitility-4.2.2.jar:/home/impacto/.m2/repository/org/hamcrest/hamcrest/2.2/hamcrest-2.2.jar:/home/impacto/.m2/repository/org/junit/jupiter/junit-jupiter/5.10.3/junit-jupiter-5.10.3.jar:/home/impacto/.m2/repository/org/junit/jupiter/junit-jupiter-api/5.10.3/junit-jupiter-api-5.10.3.jar:/home/impacto/.m2/repository/org/opentest4j/opentest4j/1.3.0/opentest4j-1.3.0.jar:/home/impacto/.m2/repository/org/junit/platform/junit-platform-commons/1.10.3/junit-platform-commons-1.10.3.jar:/home/impacto/.m2/repository/org/apiguardian/apiguardian-api/1.1.2/apiguardian-api-1.1.2.jar:/home/impacto/.m2/repository/org/junit/jupiter/junit-jupiter-params/5.10.3/junit-jupiter-params-5.10.3.jar:/home/impacto/.m2/repository/org/junit/jupiter/junit-jupiter-engine/5.10.3/junit-jupiter-engine-5.10.3.jar:/home/impacto/.m2/repository/org/junit/platform/junit-platform-engine/1.10.3/junit-platform-engine-1.10.3.jar:/home/impacto/.m2/repository/org/mockito/mockito-core/5.11.0/mockito-core-5.11.0.jar:/home/impacto/.m2/repository/net/bytebuddy/byte-buddy-agent/1.14.19/byte-buddy-agent-1.14.19.jar:/home/impacto/.m2/repository/org/objenesis/objenesis/3.3/objenesis-3.3.jar:/home/impacto/.m2/repository/org/mockito/mockito-junit-jupiter/5.11.0/mockito-junit-jupiter-5.11.0.jar:/home/impacto/.m2/repository/org/skyscreamer/jsonassert/1.5.3/jsonassert-1.5.3.jar:/home/impacto/.m2/repository/com/vaadin/external/google/android-json/0.0.20131108.vaadin1/android-json-0.0.20131108.vaadin1.jar:/home/impacto/.m2/repository/org/springframework/spring-core/6.1.13/spring-core-6.1.13.jar:/home/impacto/.m2/repository/org/springframework/spring-jcl/6.1.13/spring-jcl-6.1.13.jar:/home/impacto/.m2/repository/org/springframework/spring-test/6.1.13/spring-test-6.1.13.jar:/home/impacto/.m2/repository/org/xmlunit/xmlunit-core/2.9.1/xmlunit-core-2.9.1.jar:"/>
    <property name="java.vm.vendor" value="Ubuntu"/>
    <property name="sun.arch.data.model" value="64"/>
    <property name="java.vendor.url" value="https://ubuntu.com/"/>
    <property name="user.timezone" value="Asia/Kolkata"/>
    <property name="org.jboss.logging.provider" value="slf4j"/>
    <property name="os.name" value="Linux"/>
    <property name="java.vm.specification.version" value="17"/>
    <property name="sun.java.launcher" value="SUN_STANDARD"/>
    <property name="user.country" value="US"/>
    <property name="sun.boot.library.path" value="/usr/lib/jvm/java-17-openjdk-amd64/lib"/>
    <property name="sun.java.command" value="/home/impacto/Documents/testing/maps-api-integration/target/surefire/surefirebooter-20241019205112861_3.jar /home/impacto/Documents/testing/maps-api-integration/target/surefire 2024-10-19T20-51-12_785-jvmRun1 surefire-20241019205112861_1tmp surefire_0-20241019205112861_2tmp"/>
    <property name="jdk.debug" value="release"/>
    <property name="surefire.test.class.path" value="/home/impacto/Documents/testing/maps-api-integration/target/test-classes:/home/impacto/Documents/testing/maps-api-integration/target/classes:/home/impacto/.m2/repository/org/springframework/boot/spring-boot-starter-data-jpa/3.3.4/spring-boot-starter-data-jpa-3.3.4.jar:/home/impacto/.m2/repository/org/springframework/boot/spring-boot-starter-aop/3.3.4/spring-boot-starter-aop-3.3.4.jar:/home/impacto/.m2/repository/org/springframework/spring-aop/6.1.13/spring-aop-6.1.13.jar:/home/impacto/.m2/repository/org/aspectj/aspectjweaver/1.9.22.1/aspectjweaver-1.9.22.1.jar:/home/impacto/.m2/repository/org/springframework/boot/spring-boot-starter-jdbc/3.3.4/spring-boot-starter-jdbc-3.3.4.jar:/home/impacto/.m2/repository/com/zaxxer/HikariCP/5.1.0/HikariCP-5.1.0.jar:/home/impacto/.m2/repository/org/springframework/spring-jdbc/6.1.13/spring-jdbc-6.1.13.jar:/home/impacto/.m2/repository/org/hibernate/orm/hibernate-core/6.5.3.Final/hibernate-core-6.5.3.Final.jar:/home/impacto/.m2/repository/jakarta/persistence/jakarta.persistence-api/3.1.0/jakarta.persistence-api-3.1.0.jar:/home/impacto/.m2/repository/jakarta/transaction/jakarta.transaction-api/2.0.1/jakarta.transaction-api-2.0.1.jar:/home/impacto/.m2/repository/org/jboss/logging/jboss-logging/3.5.3.Final/jboss-logging-3.5.3.Final.jar:/home/impacto/.m2/repository/org/hibernate/common/hibernate-commons-annotations/6.0.6.Final/hibernate-commons-annotations-6.0.6.Final.jar:/home/impacto/.m2/repository/io/smallrye/jandex/3.1.2/jandex-3.1.2.jar:/home/impacto/.m2/repository/com/fasterxml/classmate/1.7.0/classmate-1.7.0.jar:/home/impacto/.m2/repository/net/bytebuddy/byte-buddy/1.14.19/byte-buddy-1.14.19.jar:/home/impacto/.m2/repository/org/glassfish/jaxb/jaxb-runtime/4.0.5/jaxb-runtime-4.0.5.jar:/home/impacto/.m2/repository/org/glassfish/jaxb/jaxb-core/4.0.5/jaxb-core-4.0.5.jar:/home/impacto/.m2/repository/org/eclipse/angus/angus-activation/2.0.2/angus-activation-2.0.2.jar:/home/impacto/.m2/repository/org/glassfish/jaxb/txw2/4.0.5/txw2-4.0.5.jar:/home/impacto/.m2/repository/com/sun/istack/istack-commons-runtime/4.1.2/istack-commons-runtime-4.1.2.jar:/home/impacto/.m2/repository/jakarta/inject/jakarta.inject-api/2.0.1/jakarta.inject-api-2.0.1.jar:/home/impacto/.m2/repository/org/antlr/antlr4-runtime/4.13.0/antlr4-runtime-4.13.0.jar:/home/impacto/.m2/repository/org/springframework/data/spring-data-jpa/3.3.4/spring-data-jpa-3.3.4.jar:/home/impacto/.m2/repository/org/springframework/data/spring-data-commons/3.3.4/spring-data-commons-3.3.4.jar:/home/impacto/.m2/repository/org/springframework/spring-orm/6.1.13/spring-orm-6.1.13.jar:/home/impacto/.m2/repository/org/springframework/spring-context/6.1.13/spring-context-6.1.13.jar:/home/impacto/.m2/repository/org/springframework/spring-tx/6.1.13/spring-tx-6.1.13.jar:/home/impacto/.m2/repository/org/springframework/spring-beans/6.1.13/spring-beans-6.1.13.jar:/home/impacto/.m2/repository/jakarta/annotation/jakarta.annotation-api/2.1.1/jakarta.annotation-api-2.1.1.jar:/home/impacto/.m2/repository/org/springframework/spring-aspects/6.1.13/spring-aspects-6.1.13.jar:/home/impacto/.m2/repository/org/springframework/boot/spring-boot-starter-web/3.3.4/spring-boot-starter-web-3.3.4.jar:/home/impacto/.m2/repository/org/springframework/boot/spring-boot-starter/3.3.4/spring-boot-starter-3.3.4.jar:/home/impacto/.m2/repository/org/springframework/boot/spring-boot/3.3.4/spring-boot-3.3.4.jar:/home/impacto/.m2/repository/org/springframework/boot/spring-boot-autoconfigure/3.3.4/spring-boot-autoconfigure-3.3.4.jar:/home/impacto/.m2/repository/org/springframework/boot/spring-boot-starter-logging/3.3.4/spring-boot-starter-logging-3.3.4.jar:/home/impacto/.m2/repository/ch/qos/logback/logback-classic/1.5.8/logback-classic-1.5.8.jar:/home/impacto/.m2/repository/ch/qos/logback/logback-core/1.5.8/logback-core-1.5.8.jar:/home/impacto/.m2/repository/org/apache/logging/log4j/log4j-to-slf4j/2.23.1/log4j-to-slf4j-2.23.1.jar:/home/impacto/.m2/repository/org/apache/logging/log4j/log4j-api/2.23.1/log4j-api-2.23.1.jar:/home/impacto/.m2/repository/org/slf4j/jul-to-slf4j/2.0.16/jul-to-slf4j-2.0.16.jar:/home/impacto/.m2/repository/org/yaml/snakeyaml/2.2/snakeyaml-2.2.jar:/home/impacto/.m2/repository/org/springframework/boot/spring-boot-starter-json/3.3.4/spring-boot-starter-json-3.3.4.jar:/home/impacto/.m2/repository/com/fasterxml/jackson/core/jackson-databind/2.17.2/jackson-databind-2.17.2.jar:/home/impacto/.m2/repository/com/fasterxml/jackson/core/jackson-annotations/2.17.2/jackson-annotations-2.17.2.jar:/home/impacto/.m2/repository/com/fasterxml/jackson/core/jackson-core/2.17.2/jackson-core-2.17.2.jar:/home/impacto/.m2/repository/com/fasterxml/jackson/datatype/jackson-datatype-jdk8/2.17.2/jackson-datatype-jdk8-2.17.2.jar:/home/impacto/.m2/repository/com/fasterxml/jackson/datatype/jackson-datatype-jsr310/2.17.2/jackson-datatype-jsr310-2.17.2.jar:/home/impacto/.m2/repository/com/fasterxml/jackson/module/jackson-module-parameter-names/2.17.2/jackson-module-parameter-names-2.17.2.jar:/home/impacto/.m2/repository/org/springframework/boot/spring-boot-starter-tomcat/3.3.4/spring-boot-starter-tomcat-3.3.4.jar:/home/impacto/.m2/repository/org/apache/tomcat/embed/tomcat-embed-core/10.1.30/tomcat-embed-core-10.1.30.jar:/home/impacto/.m2/repository/org/apache/tomcat/embed/tomcat-embed-el/10.1.30/tomcat-embed-el-10.1.30.jar:/home/impacto/.m2/repository/org/apache/tomcat/embed/tomcat-embed-websocket/10.1.30/tomcat-embed-websocket-10.1.30.jar:/home/impacto/.m2/repository/org/springframework/spring-web/6.1.13/spring-web-6.1.13.jar:/home/impacto/.m2/repository/io/micrometer/micrometer-observation/1.13.4/micrometer-observation-1.13.4.jar:/home/impacto/.m2/repository/io/micrometer/micrometer-commons/1.13.4/micrometer-commons-1.13.4.jar:/home/impacto/.m2/repository/org/springframework/spring-webmvc/6.1.13/spring-webmvc-6.1.13.jar:/home/impacto/.m2/repository/org/springframework/spring-expression/6.1.13/spring-expression-6.1.13.jar:/home/impacto/.m2/repository/org/postgresql/postgresql/42.7.4/postgresql-42.7.4.jar:/home/impacto/.m2/repository/org/checkerframework/checker-qual/3.42.0/checker-qual-3.42.0.jar:/home/impacto/.m2/repository/org/springframework/boot/spring-boot-starter-cache/3.3.4/spring-boot-starter-cache-3.3.4.jar:/home/impacto/.m2/repository/org/springframework/spring-context-support/6.1.13/spring-context-support-6.1.13.jar:/home/impacto/.m2/repository/org/projectlombok/lombok/1.18.34/lombok-1.18.34.jar:/home/impacto/.m2/repository/com/google/maps/google-maps-services/0.17.0/google-maps-services-0.17.0.jar:/home/impacto/.m2/repository/com/squareup/okhttp3/okhttp/4.12.0/okhttp-4.12.0.jar:/home/impacto/.m2/repository/com/squareup/okio/okio/3.6.0/okio-3.6.0.jar:/home/impacto/.m2/repository/com/squareup/okio/okio-jvm/3.6.0/okio-jvm-3.6.0.jar:/home/impacto/.m2/repository/org/jetbrains/kotlin/kotlin-stdlib-common/1.9.25/kotlin-stdlib-common-1.9.25.jar:/home/impacto/.m2/repository/org/jetbrains/kotlin/kotlin-stdlib-jdk8/1.9.25/kotlin-stdlib-jdk8-1.9.25.jar:/home/impacto/.m2/repository/org/jetbrains/kotlin/kotlin-stdlib/1.9.25/kotlin-stdlib-1.9.25.jar:/home/impacto/.m2/repository/org/jetbrains/annotations/13.0/annotations-13.0.jar:/home/impacto/.m2/repository/org/jetbrains/kotlin/kotlin-stdlib-jdk7/1.9.25/kotlin-stdlib-jdk7-1.9.25.jar:/home/impacto/.m2/repository/com/google/code/gson/gson/2.10.1/gson-2.10.1.jar:/home/impacto/.m2/repository/io/opencensus/opencensus-api/0.25.0/opencensus-api-0.25.0.jar:/home/impacto/.m2/repository/io/grpc/grpc-context/1.25.0/grpc-context-1.25.0.jar:/home/impacto/.m2/repository/org/slf4j/slf4j-api/2.0.16/slf4j-api-2.0.16.jar:/home/impacto/.m2/repository/org/springframework/boot/spring-boot-starter-test/3.3.4/spring-boot-starter-test-3.3.4.jar:/home/impacto/.m2/repository/org/springframework/boot/spring-boot-test/3.3.4/spring-boot-test-3.3.4.jar:/home/impacto/.m2/repository/org/springframework/boot/spring-boot-test-autoconfigure/3.3.4/spring-boot-test-autoconfigure-3.3.4.jar:/home/impacto/.m2/repository/com/jayway/jsonpath/json-path/2.9.0/json-path-2.9.0.jar:/home/impacto/.m2/repository/jakarta/xml/bind/jakarta.xml.bind-api/4.0.2/jakarta.xml.bind-api-4.0.2.jar:/home/impacto/.m2/repository/jakarta/activation/jakarta.activation-api/2.1.3/jakarta.activation-api-2.1.3.jar:/home/impacto/.m2/repository/net/minidev/json-smart/2.5.1/json-smart-2.5.1.jar:/home/impacto/.m2/repository/net/minidev/accessors-smart/2.5.1/accessors-smart-2.5.1.jar:/home/impacto/.m2/repository/org/ow2/asm/asm/9.6/asm-9.6.jar:/home/impacto/.m2/repository/org/assertj/assertj-core/3.25.3/assertj-core-3.25.3.jar:/home/impacto/.m2/repository/org/awaitility/awaitility/4.2.2/awaitility-4.2.2.jar:/home/impacto/.m2/repository/org/hamcrest/hamcrest/2.2/hamcrest-2.2.jar:/home/impacto/.m2/repository/org/junit/jupiter/junit-jupiter/5.10.3/junit-jupiter-5.10.3.jar:/home/impacto/.m2/repository/org/junit/jupiter/junit-jupiter-api/5.10.3/junit-jupiter-api-5.10.3.jar:/home/impacto/.m2/repository/org/opentest4j/opentest4j/1.3.0/opentest4j-1.3.0.jar:/home/impacto/.m2/repository/org/junit/platform/junit-platform-commons/1.10.3/junit-platform-commons-1.10.3.jar:/home/impacto/.m2/repository/org/apiguardian/apiguardian-api/1.1.2/apiguardian-api-1.1.2.jar:/home/impacto/.m2/repository/org/junit/jupiter/junit-jupiter-params/5.10.3/junit-jupiter-params-5.10.3.jar:/home/impacto/.m2/repository/org/junit/jupiter/junit-jupiter-engine/5.10.3/junit-jupiter-engine-5.10.3.jar:/home/impacto/.m2/repository/org/junit/platform/junit-platform-engine/1.10.3/junit-platform-engine-1.10.3.jar:/home/impacto/.m2/repository/org/mockito/mockito-core/5.11.0/mockito-core-5.11.0.jar:/home/impacto/.m2/repository/net/bytebuddy/byte-buddy-agent/1.14.19/byte-buddy-agent-1.14.19.jar:/home/impacto/.m2/repository/org/objenesis/objenesis/3.3/objenesis-3.3.jar:/home/impacto/.m2/repository/org/mockito/mockito-junit-jupiter/5.11.0/mockito-junit-jupiter-5.11.0.jar:/home/impacto/.m2/repository/org/skyscreamer/jsonassert/1.5.3/jsonassert-1.5.3.jar:/home/impacto/.m2/repository/com/vaadin/external/google/android-json/0.0.20131108.vaadin1/android-json-0.0.20131108.vaadin1.jar:/home/impacto/.m2/repository/org/springframework/spring-core/6.1.13/spring-core-6.1.13.jar:/home/impacto/.m2/repository/org/springframework/spring-jcl/6.1.13/spring-jcl-6.1.13.jar:/home/impacto/.m2/repository/org/springframework/spring-test/6.1.13/spring-test-6.1.13.jar:/home/impacto/.m2/repository/org/xmlunit/xmlunit-core/2.9.1/xmlunit-core-2.9.1.jar:"/>
    <property name="sun.cpu.endian" value="little"/>
    <property name="user.home" value="/home/impacto"/>
    <property name="user.language" value="en"/>
    <property name="java.specification.vendor" value="Oracle Corporation"/>
    <property name="java.version.date" value="2024-07-16"/>
    <property name="java.home" value="/usr/lib/jvm/java-17-openjdk-amd64"/>
    <property name="file.separator" value="/"/>
    <property name="basedir" value="/home/impacto/Documents/testing/maps-api-integration"/>
    <property name="java.vm.compressedOopsMode" value="Zero based"/>
    <property name="line.separator" value="&#10;"/>
    <property name="java.vm.specification.vendor" value="Oracle Corporation"/>
    <property name="java.specification.name" value="Java Platform API Specification"/>
    <property name="FILE_LOG_CHARSET" value="UTF-8"/>
    <property name="java.awt.headless" value="true"/>
    <property name="surefire.real.class.path" value="/home/impacto/Documents/testing/maps-api-integration/target/surefire/surefirebooter-20241019205112861_3.jar"/>
    <property name="sun.management.compiler" value="HotSpot 64-Bit Tiered Compilers"/>
    <property name="java.runtime.version" value="17.0.12+7-Ubuntu-1ubuntu224.04"/>
    <property name="user.name" value="impacto"/>
    <property name="path.separator" value=":"/>
    <property name="os.version" value="6.8.0-47-generic"/>
    <property name="java.runtime.name" value="OpenJDK Runtime Environment"/>
    <property name="file.encoding" value="UTF-8"/>
    <property name="java.vm.name" value="OpenJDK 64-Bit Server VM"/>
    <property name="localRepository" value="/home/impacto/.m2/repository"/>
    <property name="java.vendor.url.bug" value="https://bugs.launchpad.net/ubuntu/+source/openjdk-17"/>
    <property name="java.io.tmpdir" value="/tmp"/>
    <property name="idea.version" value="2024.2.3"/>
    <property name="com.zaxxer.hikari.pool_number" value="1"/>
    <property name="java.version" value="17.0.12"/>
    <property name="user.dir" value="/home/impacto/Documents/testing/maps-api-integration"/>
    <property name="os.arch" value="amd64"/>
    <property name="java.vm.specification.name" value="Java Virtual Machine Specification"/>
    <property name="PID" value="7732"/>
    <property name="CONSOLE_LOG_CHARSET" value="UTF-8"/>
    <property name="native.encoding" value="UTF-8"/>
    <property name="java.library.path" value="/usr/java/packages/lib:/usr/lib/x86_64-linux-gnu/jni:/lib/x86_64-linux-gnu:/usr/lib/x86_64-linux-gnu:/usr/lib/jni:/lib:/usr/lib"/>
    <property name="java.vm.info" value="mixed mode, sharing"/>
    <property name="java.vendor" value="Ubuntu"/>
    <property name="java.vm.version" value="17.0.12+7-Ubuntu-1ubuntu224.04"/>
    <property name="sun.io.unicode.encoding" value="UnicodeLittle"/>
    <property name="java.class.version" value="61.0"/>
    <property name="LOGGED_APPLICATION_NAME" value="[Maps API Integration Service] "/>
  </properties>
  <testcase name="contextLoads" classname="com.example.mapsapi.MapsApiIntegrationServiceApplicationTests" time="0.007">
    <system-out><![CDATA[20:51:15.927 [main] INFO org.springframework.test.context.support.AnnotationConfigContextLoaderUtils -- Could not detect default configuration classes for test class [com.example.mapsapi.MapsApiIntegrationServiceApplicationTests]: MapsApiIntegrationServiceApplicationTests does not declare any static, non-private, non-final, nested classes annotated with @Configuration.
20:51:15.994 [main] INFO org.springframework.boot.test.context.SpringBootTestContextBootstrapper -- Found @SpringBootConfiguration com.example.mapsapi.MapsApiIntegrationServiceApplication for test class com.example.mapsapi.MapsApiIntegrationServiceApplicationTests

  .   ____          _            __ _ _
 /\\ / ___'_ __ _ _(_)_ __  __ _ \ \ \ \
( ( )\___ | '_ | '_| | '_ \/ _` | \ \ \ \
 \\/  ___)| |_)| | | | | || (_| |  ) ) ) )
  '  |____| .__|_| |_|_| |_\__, | / / / /
 =========|_|==============|___/=/_/_/_/

 :: Spring Boot ::                (v3.3.4)

2024-10-19T20:51:16.224+05:30  INFO 7732 --- [Maps API Integration Service] [           main] apsApiIntegrationServiceApplicationTests : Starting MapsApiIntegrationServiceApplicationTests using Java 17.0.12 with PID 7732 (started by impacto in /home/impacto/Documents/testing/maps-api-integration)
2024-10-19T20:51:16.225+05:30  INFO 7732 --- [Maps API Integration Service] [           main] apsApiIntegrationServiceApplicationTests : No active profile set, falling back to 1 default profile: "default"
2024-10-19T20:51:16.602+05:30  INFO 7732 --- [Maps API Integration Service] [           main] .s.d.r.c.RepositoryConfigurationDelegate : Bootstrapping Spring Data JPA repositories in DEFAULT mode.
2024-10-19T20:51:16.636+05:30  INFO 7732 --- [Maps API Integration Service] [           main] .s.d.r.c.RepositoryConfigurationDelegate : Finished Spring Data repository scanning in 30 ms. Found 2 JPA repository interfaces.
2024-10-19T20:51:16.968+05:30  INFO 7732 --- [Maps API Integration Service] [           main] o.hibernate.jpa.internal.util.LogHelper  : HHH000204: Processing PersistenceUnitInfo [name: default]
2024-10-19T20:51:17.011+05:30  INFO 7732 --- [Maps API Integration Service] [           main] org.hibernate.Version                    : HHH000412: Hibernate ORM core version 6.5.3.Final
2024-10-19T20:51:17.042+05:30  INFO 7732 --- [Maps API Integration Service] [           main] o.h.c.internal.RegionFactoryInitiator    : HHH000026: Second-level cache disabled
2024-10-19T20:51:17.119+05:30  INFO 7732 --- [Maps API Integration Service] [           main] o.s.o.j.p.SpringPersistenceUnitInfo      : No LoadTimeWeaver setup: ignoring JPA class transformer
2024-10-19T20:51:17.136+05:30  INFO 7732 --- [Maps API Integration Service] [           main] com.zaxxer.hikari.HikariDataSource       : HikariPool-1 - Starting...
2024-10-19T20:51:17.253+05:30  INFO 7732 --- [Maps API Integration Service] [           main] com.zaxxer.hikari.pool.HikariPool        : HikariPool-1 - Added connection org.postgresql.jdbc.PgConnection@25a2f432
2024-10-19T20:51:17.255+05:30  INFO 7732 --- [Maps API Integration Service] [           main] com.zaxxer.hikari.HikariDataSource       : HikariPool-1 - Start completed.
2024-10-19T20:51:17.283+05:30  WARN 7732 --- [Maps API Integration Service] [           main] org.hibernate.orm.deprecation            : HHH90000025: PostgreSQLDialect does not need to be specified explicitly using 'hibernate.dialect' (remove the property setting and it will be selected by default)
2024-10-19T20:51:17.748+05:30  INFO 7732 --- [Maps API Integration Service] [           main] o.h.e.t.j.p.i.JtaPlatformInitiator       : HHH000489: No JTA platform available (set 'hibernate.transaction.jta.platform' to enable JTA platform integration)
2024-10-19T20:51:17.781+05:30  INFO 7732 --- [Maps API Integration Service] [           main] j.LocalContainerEntityManagerFactoryBean : Initialized JPA EntityManagerFactory for persistence unit 'default'
2024-10-19T20:51:18.067+05:30  WARN 7732 --- [Maps API Integration Service] [           main] JpaBaseConfiguration$JpaWebConfiguration : spring.jpa.open-in-view is enabled by default. Therefore, database queries may be performed during view rendering. Explicitly configure spring.jpa.open-in-view to disable this warning
2024-10-19T20:51:18.329+05:30  INFO 7732 --- [Maps API Integration Service] [           main] apsApiIntegrationServiceApplicationTests : Started MapsApiIntegrationServiceApplicationTests in 2.253 seconds (process running for 5.415)
]]></system-out>
  </testcase>
</testsuite>